# JRE version: Java(TM) SE Runtime Environment (8.0_161-b12) (build 1.8.0_161-b12)
# Java VM: Java HotSpot(TM) 64-Bit Server VM (25.161-b12 mixed mode windows-amd64 compressed oops)
Heap:
 PSYoungGen      total 146432K, used 16030K [0x00000000d5f80000, 0x00000000dfc80000, 0x0000000100000000)
  eden space 132608K, 12% used [0x00000000d5f80000,0x00000000d6f27808,0x00000000de100000)
  from space 13824K, 0% used [0x00000000de100000,0x00000000de100000,0x00000000dee80000)
  to   space 13312K, 0% used [0x00000000dee80000,0x00000000dee80000,0x00000000dfb80000)
 ParOldGen       total 80384K, used 21981K [0x0000000081e00000, 0x0000000086c80000, 0x00000000d5f80000)
  object space 80384K, 27% used [0x0000000081e00000,0x00000000833777f0,0x0000000086c80000)
 Metaspace       used 21615K, capacity 22114K, committed 22448K, reserved 1069056K
  class space    used 2587K, capacity 2741K, committed 2816K, reserved 1048576K
GC Heap History (10 events):
Event: 2.298 GC heap before
{Heap before GC invocations=4 (full 0):
 PSYoungGen      total 38400K, used 38384K [0x00000000d5f80000, 0x00000000daa80000, 0x0000000100000000)
  eden space 33280K, 100% used [0x00000000d5f80000,0x00000000d8000000,0x00000000d8000000)
  from space 5120K, 99% used [0x00000000d8000000,0x00000000d84fc030,0x00000000d8500000)
  to   space 5120K, 0% used [0x00000000da580000,0x00000000da580000,0x00000000daa80000)
 ParOldGen       total 87552K, used 5376K [0x0000000081e00000, 0x0000000087380000, 0x00000000d5f80000)
  object space 87552K, 6% used [0x0000000081e00000,0x0000000082340058,0x0000000087380000)
 Metaspace       used 15445K, capacity 15598K, committed 15872K, reserved 1062912K
  class space    used 1860K, capacity 1941K, committed 2048K, reserved 1048576K
Event: 2.319 GC heap after
Heap after GC invocations=4 (full 0):
 PSYoungGen      total 71680K, used 5088K [0x00000000d5f80000, 0x00000000daa80000, 0x0000000100000000)
  eden space 66560K, 0% used [0x00000000d5f80000,0x00000000d5f80000,0x00000000da080000)
  from space 5120K, 99% used [0x00000000da580000,0x00000000daa78020,0x00000000daa80000)
  to   space 5120K, 0% used [0x00000000da080000,0x00000000da080000,0x00000000da580000)
 ParOldGen       total 87552K, used 9877K [0x0000000081e00000, 0x0000000087380000, 0x00000000d5f80000)
  object space 87552K, 11% used [0x0000000081e00000,0x00000000827a5480,0x0000000087380000)
 Metaspace       used 15445K, capacity 15598K, committed 15872K, reserved 1062912K
  class space    used 1860K, capacity 1941K, committed 2048K, reserved 1048576K
}
Event: 3.007 GC heap before
{Heap before GC invocations=5 (full 0):
 PSYoungGen      total 71680K, used 71648K [0x00000000d5f80000, 0x00000000daa80000, 0x0000000100000000)
  eden space 66560K, 100% used [0x00000000d5f80000,0x00000000da080000,0x00000000da080000)
  from space 5120K, 99% used [0x00000000da580000,0x00000000daa78020,0x00000000daa80000)
  to   space 5120K, 0% used [0x00000000da080000,0x00000000da080000,0x00000000da580000)
 ParOldGen       total 87552K, used 9877K [0x0000000081e00000, 0x0000000087380000, 0x00000000d5f80000)
  object space 87552K, 11% used [0x0000000081e00000,0x00000000827a5480,0x0000000087380000)
 Metaspace       used 15969K, capacity 16242K, committed 16384K, reserved 1062912K
  class space    used 1886K, capacity 1979K, committed 2048K, reserved 1048576K
Event: 3.027 GC heap after
Heap after GC invocations=5 (full 0):
 PSYoungGen      total 71680K, used 5104K [0x00000000d5f80000, 0x00000000dfb80000, 0x0000000100000000)
  eden space 66560K, 0% used [0x00000000d5f80000,0x00000000d5f80000,0x00000000da080000)
  from space 5120K, 99% used [0x00000000da080000,0x00000000da57c010,0x00000000da580000)
  to   space 13312K, 0% used [0x00000000dee80000,0x00000000dee80000,0x00000000dfb80000)
 ParOldGen       total 87552K, used 16607K [0x0000000081e00000, 0x0000000087380000, 0x00000000d5f80000)
  object space 87552K, 18% used [0x0000000081e00000,0x0000000082e37d20,0x0000000087380000)
 Metaspace       used 15969K, capacity 16242K, committed 16384K, reserved 1062912K
  class space    used 1886K, capacity 1979K, committed 2048K, reserved 1048576K
}
Event: 3.694 GC heap before
{Heap before GC invocations=6 (full 0):
 PSYoungGen      total 71680K, used 71664K [0x00000000d5f80000, 0x00000000dfb80000, 0x0000000100000000)
  eden space 66560K, 100% used [0x00000000d5f80000,0x00000000da080000,0x00000000da080000)
  from space 5120K, 99% used [0x00000000da080000,0x00000000da57c010,0x00000000da580000)
  to   space 13312K, 0% used [0x00000000dee80000,0x00000000dee80000,0x00000000dfb80000)
 ParOldGen       total 87552K, used 16607K [0x0000000081e00000, 0x0000000087380000, 0x00000000d5f80000)
  object space 87552K, 18% used [0x0000000081e00000,0x0000000082e37d20,0x0000000087380000)
 Metaspace       used 16489K, capacity 16748K, committed 16896K, reserved 1064960K
  class space    used 1913K, capacity 2016K, committed 2048K, reserved 1048576K
Event: 3.712 GC heap after
Heap after GC invocations=6 (full 0):
 PSYoungGen      total 145920K, used 10064K [0x00000000d5f80000, 0x00000000dfc80000, 0x0000000100000000)
  eden space 132608K, 0% used [0x00000000d5f80000,0x00000000d5f80000,0x00000000de100000)
  from space 13312K, 75% used [0x00000000dee80000,0x00000000df854010,0x00000000dfb80000)
  to   space 13824K, 0% used [0x00000000de100000,0x00000000de100000,0x00000000dee80000)
 ParOldGen       total 87552K, used 16615K [0x0000000081e00000, 0x0000000087380000, 0x00000000d5f80000)
  object space 87552K, 18% used [0x0000000081e00000,0x0000000082e39d20,0x0000000087380000)
 Metaspace       used 16489K, capacity 16748K, committed 16896K, reserved 1064960K
  class space    used 1913K, capacity 2016K, committed 2048K, reserved 1048576K
}
Event: 4.440 GC heap before
{Heap before GC invocations=7 (full 0):
 PSYoungGen      total 145920K, used 48559K [0x00000000d5f80000, 0x00000000dfc80000, 0x0000000100000000)
  eden space 132608K, 29% used [0x00000000d5f80000,0x00000000d8517ed0,0x00000000de100000)
  from space 13312K, 75% used [0x00000000dee80000,0x00000000df854010,0x00000000dfb80000)
  to   space 13824K, 0% used [0x00000000de100000,0x00000000de100000,0x00000000dee80000)
 ParOldGen       total 87552K, used 16615K [0x0000000081e00000, 0x0000000087380000, 0x00000000d5f80000)
  object space 87552K, 18% used [0x0000000081e00000,0x0000000082e39d20,0x0000000087380000)
 Metaspace       used 20622K, capacity 21090K, committed 21296K, reserved 1069056K
  class space    used 2469K, capacity 2613K, committed 2688K, reserved 1048576K
Event: 4.457 GC heap after
Heap after GC invocations=7 (full 0):
 PSYoungGen      total 146432K, used 11522K [0x00000000d5f80000, 0x00000000dfc80000, 0x0000000100000000)
  eden space 132608K, 0% used [0x00000000d5f80000,0x00000000d5f80000,0x00000000de100000)
  from space 13824K, 83% used [0x00000000de100000,0x00000000dec40998,0x00000000dee80000)
  to   space 13312K, 0% used [0x00000000dee80000,0x00000000dee80000,0x00000000dfb80000)
 ParOldGen       total 87552K, used 18049K [0x0000000081e00000, 0x0000000087380000, 0x00000000d5f80000)
  object space 87552K, 20% used [0x0000000081e00000,0x0000000082fa0550,0x0000000087380000)
 Metaspace       used 20622K, capacity 21090K, committed 21296K, reserved 1069056K
  class space    used 2469K, capacity 2613K, committed 2688K, reserved 1048576K
}
Event: 4.457 GC heap before
{Heap before GC invocations=8 (full 1):
 PSYoungGen      total 146432K, used 11522K [0x00000000d5f80000, 0x00000000dfc80000, 0x0000000100000000)
  eden space 132608K, 0% used [0x00000000d5f80000,0x00000000d5f80000,0x00000000de100000)
  from space 13824K, 83% used [0x00000000de100000,0x00000000dec40998,0x00000000dee80000)
  to   space 13312K, 0% used [0x00000000dee80000,0x00000000dee80000,0x00000000dfb80000)
 ParOldGen       total 87552K, used 18049K [0x0000000081e00000, 0x0000000087380000, 0x00000000d5f80000)
  object space 87552K, 20% used [0x0000000081e00000,0x0000000082fa0550,0x0000000087380000)
 Metaspace       used 20622K, capacity 21090K, committed 21296K, reserved 1069056K
  class space    used 2469K, capacity 2613K, committed 2688K, reserved 1048576K
Event: 4.559 GC heap after
Heap after GC invocations=8 (full 1):
 PSYoungGen      total 146432K, used 0K [0x00000000d5f80000, 0x00000000dfc80000, 0x0000000100000000)
  eden space 132608K, 0% used [0x00000000d5f80000,0x00000000d5f80000,0x00000000de100000)
  from space 13824K, 0% used [0x00000000de100000,0x00000000de100000,0x00000000dee80000)
  to   space 13312K, 0% used [0x00000000dee80000,0x00000000dee80000,0x00000000dfb80000)
 ParOldGen       total 80384K, used 21981K [0x0000000081e00000, 0x0000000086c80000, 0x00000000d5f80000)
  object space 80384K, 27% used [0x0000000081e00000,0x00000000833777f0,0x0000000086c80000)
 Metaspace       used 20622K, capacity 21090K, committed 21296K, reserved 1069056K
  class space    used 2469K, capacity 2613K, committed 2688K, reserved 1048576K
}

